<?xml version="1.0" encoding="UTF-8"?>
<testsuite name="com.interview.book.book.repository.BookRepositoryTest" tests="1" skipped="0" failures="0" errors="0" timestamp="2023-06-24T15:40:16" hostname="DESKTOP-6721DF9" time="0.012">
  <properties/>
  <testcase name="testSave()" classname="com.interview.book.book.repository.BookRepositoryTest" time="0.012"/>
  <system-out><![CDATA[this is the book in the repo : BookDbo(id=null, name=nomDuLivre, author=auteur, sn=123)
]]></system-out>
  <system-err><![CDATA[]]></system-err>
</testsuite>
